<?xml version="1.0" encoding="UTF-8"?>
<testsuite name="CourseTest" tests="1" skipped="0" failures="0" errors="0" timestamp="2018-05-28T22:04:46" hostname="DESKTOP-OEG8V1R" time="0.0">
  <properties/>
  <testcase name="courseExceptionIsThrownIfCourseBeginDateIsAfterCourseEndDate" classname="CourseTest" time="0.0"/>
  <system-out><![CDATA[]]></system-out>
  <system-err><![CDATA[]]></system-err>
</testsuite>
