<?xml version="1.0" encoding="UTF-8"?>
<testsuite name="SchoolTest" tests="10" skipped="0" failures="0" errors="0" timestamp="2018-05-28T22:04:46" hostname="DESKTOP-OEG8V1R" time="0.01">
  <properties/>
  <testcase name="schoolHasNameOpeningDateAndACoursesCollection" classname="SchoolTest" time="0.0"/>
  <testcase name="aListOfAllCourseNamesCanBeRetrieved" classname="SchoolTest" time="0.001"/>
  <testcase name="collectionOfAllCoursesAcquirable" classname="SchoolTest" time="0.0"/>
  <testcase name="throwCourseExceptionIfCourseStartIsBeforeSchoolYearStart" classname="SchoolTest" time="0.0"/>
  <testcase name="aCourseCanBeAddedToTheSchool" classname="SchoolTest" time="0.0"/>
  <testcase name="schoolCoursesCannotBeChangedFromTheOutside" classname="SchoolTest" time="0.0"/>
  <testcase name="[0] History, 2010-10-10, 2012-12-12 (aCourseCanBeRetrievedByName)" classname="SchoolTest" time="0.0"/>
  <testcase name="[1] Maths, 2010-10-10, 2012-12-12 (aCourseCanBeRetrievedByName)" classname="SchoolTest" time="0.0"/>
  <testcase name="[2] Arts, 2010-10-10, 2012-12-12 (aCourseCanBeRetrievedByName)" classname="SchoolTest" time="0.0"/>
  <testcase name="theNameOfACourseIsUnique" classname="SchoolTest" time="0.0"/>
  <system-out><![CDATA[]]></system-out>
  <system-err><![CDATA[]]></system-err>
</testsuite>
